web/android/app/build/intermediates/manifest_merge_blame_file/debug/processDebugMainManifest/manifest-merger-blame-debug-report.txt
1<?xml version="1.0" encoding="utf-8"?>
2<manifest xmlns:android="http://schemas.android.com/apk/res/android"
3    package="com.tongchalban.community"
4    android:versionCode="1"
5    android:versionName="1.0" >
6
7    <uses-sdk
8        android:minSdkVersion="23"
9        android:targetSdkVersion="35" />
10
11    <!-- Permissions -->
12    <uses-permission android:name="android.permission.INTERNET" />
12-->src/main/AndroidManifest.xml:39:5-67
12-->src/main/AndroidManifest.xml:39:22-64
13    <uses-permission android:name="android.permission.CAMERA" />
13-->src/main/AndroidManifest.xml:40:5-65
13-->src/main/AndroidManifest.xml:40:22-62
14    <uses-permission
14-->src/main/AndroidManifest.xml:41:5-107
15        android:name="android.permission.READ_EXTERNAL_STORAGE"
15-->src/main/AndroidManifest.xml:41:22-77
16        android:maxSdkVersion="32" />
16-->src/main/AndroidManifest.xml:41:78-104
17    <uses-permission
17-->src/main/AndroidManifest.xml:42:5-108
18        android:name="android.permission.WRITE_EXTERNAL_STORAGE"
18-->src/main/AndroidManifest.xml:42:22-78
19        android:maxSdkVersion="32" />
19-->src/main/AndroidManifest.xml:42:79-105
20    <uses-permission android:name="android.permission.READ_MEDIA_IMAGES" />
20-->src/main/AndroidManifest.xml:43:5-76
20-->src/main/AndroidManifest.xml:43:22-73
21    <uses-permission android:name="android.permission.ACCESS_NETWORK_STATE" />
21-->src/main/AndroidManifest.xml:44:5-79
21-->src/main/AndroidManifest.xml:44:22-76
22    <uses-permission android:name="android.permission.POST_NOTIFICATIONS" />
22-->src/main/AndroidManifest.xml:45:5-77
22-->src/main/AndroidManifest.xml:45:22-74
23    <uses-permission android:name="android.permission.ACCESS_FINE_LOCATION" />
23-->src/main/AndroidManifest.xml:46:5-79
23-->src/main/AndroidManifest.xml:46:22-76
24    <uses-permission android:name="android.permission.ACCESS_COARSE_LOCATION" />
24-->src/main/AndroidManifest.xml:47:5-81
24-->src/main/AndroidManifest.xml:47:22-78
25
26    <!-- Camera feature (optional) -->
27    <uses-feature
27-->src/main/AndroidManifest.xml:50:5-85
28        android:name="android.hardware.camera"
28-->src/main/AndroidManifest.xml:50:19-57
29        android:required="false" />
29-->src/main/AndroidManifest.xml:50:58-82
30    <uses-feature
30-->src/main/AndroidManifest.xml:51:5-95
31        android:name="android.hardware.camera.autofocus"
31-->src/main/AndroidManifest.xml:51:19-67
32        android:required="false" />
32-->src/main/AndroidManifest.xml:51:68-92
33
34    <queries>
34-->[:capacitor-camera] AndroidManifest.xml:7:5-11:15
35        <intent>
35-->[:capacitor-camera] AndroidManifest.xml:8:9-10:18
36            <action android:name="android.media.action.IMAGE_CAPTURE" />
36-->[:capacitor-camera] AndroidManifest.xml:9:13-73
36-->[:capacitor-camera] AndroidManifest.xml:9:21-70
37        </intent>
38    </queries>
39
40    <uses-permission android:name="android.permission.WAKE_LOCK" /> <!-- Required by older versions of Google Play services to create IID tokens -->
40-->[com.google.firebase:firebase-messaging:24.1.0] AndroidManifest.xml:24:5-68
40-->[com.google.firebase:firebase-messaging:24.1.0] AndroidManifest.xml:24:22-65
41    <uses-permission android:name="com.google.android.c2dm.permission.RECEIVE" />
41-->[com.google.firebase:firebase-messaging:24.1.0] AndroidManifest.xml:26:5-82
41-->[com.google.firebase:firebase-messaging:24.1.0] AndroidManifest.xml:26:22-79
42
43    <permission
43-->[androidx.core:core:1.15.0] AndroidManifest.xml:22:5-24:47
44        android:name="com.tongchalban.community.DYNAMIC_RECEIVER_NOT_EXPORTED_PERMISSION"
44-->[androidx.core:core:1.15.0] AndroidManifest.xml:23:9-81
45        android:protectionLevel="signature" />
45-->[androidx.core:core:1.15.0] AndroidManifest.xml:24:9-44
46
47    <uses-permission android:name="com.tongchalban.community.DYNAMIC_RECEIVER_NOT_EXPORTED_PERMISSION" />
47-->[androidx.core:core:1.15.0] AndroidManifest.xml:26:5-97
47-->[androidx.core:core:1.15.0] AndroidManifest.xml:26:22-94
48
49    <application
49-->src/main/AndroidManifest.xml:4:5-36:19
50        android:allowBackup="true"
50-->src/main/AndroidManifest.xml:5:9-35
51        android:appComponentFactory="androidx.core.app.CoreComponentFactory"
51-->[androidx.core:core:1.15.0] AndroidManifest.xml:28:18-86
52        android:debuggable="true"
53        android:extractNativeLibs="false"
54        android:icon="@mipmap/ic_launcher"
54-->src/main/AndroidManifest.xml:6:9-43
55        android:label="@string/app_name"
55-->src/main/AndroidManifest.xml:7:9-41
56        android:roundIcon="@mipmap/ic_launcher_round"
56-->src/main/AndroidManifest.xml:8:9-54
57        android:supportsRtl="true"
57-->src/main/AndroidManifest.xml:9:9-35
58        android:testOnly="true"
59        android:theme="@style/AppTheme" >
59-->src/main/AndroidManifest.xml:10:9-40
60        <activity
60-->src/main/AndroidManifest.xml:12:9-25:20
61            android:name="com.tongchalban.community.MainActivity"
61-->src/main/AndroidManifest.xml:14:13-41
62            android:configChanges="orientation|keyboardHidden|keyboard|screenSize|locale|smallestScreenSize|screenLayout|uiMode|navigation"
62-->src/main/AndroidManifest.xml:13:13-140
63            android:exported="true"
63-->src/main/AndroidManifest.xml:18:13-36
64            android:label="@string/title_activity_main"
64-->src/main/AndroidManifest.xml:15:13-56
65            android:launchMode="singleTask"
65-->src/main/AndroidManifest.xml:17:13-44
66            android:theme="@style/AppTheme.NoActionBarLaunch" >
66-->src/main/AndroidManifest.xml:16:13-62
67            <intent-filter>
67-->src/main/AndroidManifest.xml:20:13-23:29
68                <action android:name="android.intent.action.MAIN" />
68-->src/main/AndroidManifest.xml:21:17-69
68-->src/main/AndroidManifest.xml:21:25-66
69
70                <category android:name="android.intent.category.LAUNCHER" />
70-->src/main/AndroidManifest.xml:22:17-77
70-->src/main/AndroidManifest.xml:22:27-74
71            </intent-filter>
72        </activity>
73
74        <provider
75            android:name="androidx.core.content.FileProvider"
75-->src/main/AndroidManifest.xml:28:13-62
76            android:authorities="com.tongchalban.community.fileprovider"
76-->src/main/AndroidManifest.xml:29:13-64
77            android:exported="false"
77-->src/main/AndroidManifest.xml:30:13-37
78            android:grantUriPermissions="true" >
78-->src/main/AndroidManifest.xml:31:13-47
79            <meta-data
79-->src/main/AndroidManifest.xml:32:13-34:64
80                android:name="android.support.FILE_PROVIDER_PATHS"
80-->src/main/AndroidManifest.xml:33:17-67
81                android:resource="@xml/file_paths" />
81-->src/main/AndroidManifest.xml:34:17-51
82        </provider>
83
84        <service
84-->[:capacitor-push-notifications] AndroidManifest.xml:8:9-14:19
85            android:name="com.capacitorjs.plugins.pushnotifications.MessagingService"
85-->[:capacitor-push-notifications] AndroidManifest.xml:9:13-86
86            android:exported="false" >
86-->[:capacitor-push-notifications] AndroidManifest.xml:10:13-37
87            <intent-filter>
87-->[:capacitor-push-notifications] AndroidManifest.xml:11:13-13:29
88                <action android:name="com.google.firebase.MESSAGING_EVENT" />
88-->[:capacitor-push-notifications] AndroidManifest.xml:12:17-78
88-->[:capacitor-push-notifications] AndroidManifest.xml:12:25-75
89            </intent-filter>
90        </service>
91
92        <receiver
92-->[com.google.firebase:firebase-messaging:24.1.0] AndroidManifest.xml:29:9-40:20
93            android:name="com.google.firebase.iid.FirebaseInstanceIdReceiver"
93-->[com.google.firebase:firebase-messaging:24.1.0] AndroidManifest.xml:30:13-78
94            android:exported="true"
94-->[com.google.firebase:firebase-messaging:24.1.0] AndroidManifest.xml:31:13-36
95            android:permission="com.google.android.c2dm.permission.SEND" >
95-->[com.google.firebase:firebase-messaging:24.1.0] AndroidManifest.xml:32:13-73
96            <intent-filter>
96-->[com.google.firebase:firebase-messaging:24.1.0] AndroidManifest.xml:33:13-35:29
97                <action android:name="com.google.android.c2dm.intent.RECEIVE" />
97-->[com.google.firebase:firebase-messaging:24.1.0] AndroidManifest.xml:34:17-81
97-->[com.google.firebase:firebase-messaging:24.1.0] AndroidManifest.xml:34:25-78
98            </intent-filter>
99
100            <meta-data
100-->[com.google.firebase:firebase-messaging:24.1.0] AndroidManifest.xml:37:13-39:40
101                android:name="com.google.android.gms.cloudmessaging.FINISHED_AFTER_HANDLED"
101-->[com.google.firebase:firebase-messaging:24.1.0] AndroidManifest.xml:38:17-92
102                android:value="true" />
102-->[com.google.firebase:firebase-messaging:24.1.0] AndroidManifest.xml:39:17-37
103        </receiver>
104        <!--
105             FirebaseMessagingService performs security checks at runtime,
106             but set to not exported to explicitly avoid allowing another app to call it.
107        -->
108        <service
108-->[com.google.firebase:firebase-messaging:24.1.0] AndroidManifest.xml:46:9-53:19
109            android:name="com.google.firebase.messaging.FirebaseMessagingService"
109-->[com.google.firebase:firebase-messaging:24.1.0] AndroidManifest.xml:47:13-82
110            android:directBootAware="true"
110-->[com.google.firebase:firebase-messaging:24.1.0] AndroidManifest.xml:48:13-43
111            android:exported="false" >
111-->[com.google.firebase:firebase-messaging:24.1.0] AndroidManifest.xml:49:13-37
112            <intent-filter android:priority="-500" >
112-->[:capacitor-push-notifications] AndroidManifest.xml:11:13-13:29
113                <action android:name="com.google.firebase.MESSAGING_EVENT" />
113-->[:capacitor-push-notifications] AndroidManifest.xml:12:17-78
113-->[:capacitor-push-notifications] AndroidManifest.xml:12:25-75
114            </intent-filter>
115        </service>
116        <service
116-->[com.google.firebase:firebase-messaging:24.1.0] AndroidManifest.xml:54:9-63:19
117            android:name="com.google.firebase.components.ComponentDiscoveryService"
117-->[com.google.firebase:firebase-messaging:24.1.0] AndroidManifest.xml:55:13-84
118            android:directBootAware="true"
118-->[com.google.firebase:firebase-common:21.0.0] AndroidManifest.xml:32:13-43
119            android:exported="false" >
119-->[com.google.firebase:firebase-messaging:24.1.0] AndroidManifest.xml:56:13-37
120            <meta-data
120-->[com.google.firebase:firebase-messaging:24.1.0] AndroidManifest.xml:57:13-59:85
121                android:name="com.google.firebase.components:com.google.firebase.messaging.FirebaseMessagingKtxRegistrar"
121-->[com.google.firebase:firebase-messaging:24.1.0] AndroidManifest.xml:58:17-122
122                android:value="com.google.firebase.components.ComponentRegistrar" />
122-->[com.google.firebase:firebase-messaging:24.1.0] AndroidManifest.xml:59:17-82
123            <meta-data
123-->[com.google.firebase:firebase-messaging:24.1.0] AndroidManifest.xml:60:13-62:85
124                android:name="com.google.firebase.components:com.google.firebase.messaging.FirebaseMessagingRegistrar"
124-->[com.google.firebase:firebase-messaging:24.1.0] AndroidManifest.xml:61:17-119
125                android:value="com.google.firebase.components.ComponentRegistrar" />
125-->[com.google.firebase:firebase-messaging:24.1.0] AndroidManifest.xml:62:17-82
126            <meta-data
126-->[com.google.firebase:firebase-installations:17.2.0] AndroidManifest.xml:15:13-17:85
127                android:name="com.google.firebase.components:com.google.firebase.installations.FirebaseInstallationsKtxRegistrar"
127-->[com.google.firebase:firebase-installations:17.2.0] AndroidManifest.xml:16:17-130
128                android:value="com.google.firebase.components.ComponentRegistrar" />
128-->[com.google.firebase:firebase-installations:17.2.0] AndroidManifest.xml:17:17-82
129            <meta-data
129-->[com.google.firebase:firebase-installations:17.2.0] AndroidManifest.xml:18:13-20:85
130                android:name="com.google.firebase.components:com.google.firebase.installations.FirebaseInstallationsRegistrar"
130-->[com.google.firebase:firebase-installations:17.2.0] AndroidManifest.xml:19:17-127
131                android:value="com.google.firebase.components.ComponentRegistrar" />
131-->[com.google.firebase:firebase-installations:17.2.0] AndroidManifest.xml:20:17-82
132            <meta-data
132-->[com.google.firebase:firebase-common-ktx:21.0.0] AndroidManifest.xml:12:13-14:85
133                android:name="com.google.firebase.components:com.google.firebase.ktx.FirebaseCommonLegacyRegistrar"
133-->[com.google.firebase:firebase-common-ktx:21.0.0] AndroidManifest.xml:13:17-116
134                android:value="com.google.firebase.components.ComponentRegistrar" />
134-->[com.google.firebase:firebase-common-ktx:21.0.0] AndroidManifest.xml:14:17-82
135            <meta-data
135-->[com.google.firebase:firebase-common:21.0.0] AndroidManifest.xml:35:13-37:85
136                android:name="com.google.firebase.components:com.google.firebase.FirebaseCommonKtxRegistrar"
136-->[com.google.firebase:firebase-common:21.0.0] AndroidManifest.xml:36:17-109
137                android:value="com.google.firebase.components.ComponentRegistrar" />
137-->[com.google.firebase:firebase-common:21.0.0] AndroidManifest.xml:37:17-82
138            <meta-data
138-->[com.google.firebase:firebase-datatransport:18.2.0] AndroidManifest.xml:25:13-27:85
139                android:name="com.google.firebase.components:com.google.firebase.datatransport.TransportRegistrar"
139-->[com.google.firebase:firebase-datatransport:18.2.0] AndroidManifest.xml:26:17-115
140                android:value="com.google.firebase.components.ComponentRegistrar" />
140-->[com.google.firebase:firebase-datatransport:18.2.0] AndroidManifest.xml:27:17-82
141        </service>
142
143        <activity
143-->[com.google.android.gms:play-services-base:18.0.1] AndroidManifest.xml:20:9-22:45
144            android:name="com.google.android.gms.common.api.GoogleApiActivity"
144-->[com.google.android.gms:play-services-base:18.0.1] AndroidManifest.xml:20:19-85
145            android:exported="false"
145-->[com.google.android.gms:play-services-base:18.0.1] AndroidManifest.xml:22:19-43
146            android:theme="@android:style/Theme.Translucent.NoTitleBar" />
146-->[com.google.android.gms:play-services-base:18.0.1] AndroidManifest.xml:21:19-78
147
148        <provider
148-->[com.google.firebase:firebase-common:21.0.0] AndroidManifest.xml:23:9-28:39
149            android:name="com.google.firebase.provider.FirebaseInitProvider"
149-->[com.google.firebase:firebase-common:21.0.0] AndroidManifest.xml:24:13-77
150            android:authorities="com.tongchalban.community.firebaseinitprovider"
150-->[com.google.firebase:firebase-common:21.0.0] AndroidManifest.xml:25:13-72
151            android:directBootAware="true"
151-->[com.google.firebase:firebase-common:21.0.0] AndroidManifest.xml:26:13-43
152            android:exported="false"
152-->[com.google.firebase:firebase-common:21.0.0] AndroidManifest.xml:27:13-37
153            android:initOrder="100" />
153-->[com.google.firebase:firebase-common:21.0.0] AndroidManifest.xml:28:13-36
154        <provider
154-->[androidx.emoji2:emoji2:1.3.0] AndroidManifest.xml:24:9-32:20
155            android:name="androidx.startup.InitializationProvider"
155-->[androidx.emoji2:emoji2:1.3.0] AndroidManifest.xml:25:13-67
156            android:authorities="com.tongchalban.community.androidx-startup"
156-->[androidx.emoji2:emoji2:1.3.0] AndroidManifest.xml:26:13-68
157            android:exported="false" >
157-->[androidx.emoji2:emoji2:1.3.0] AndroidManifest.xml:27:13-37
158            <meta-data
158-->[androidx.emoji2:emoji2:1.3.0] AndroidManifest.xml:29:13-31:52
159                android:name="androidx.emoji2.text.EmojiCompatInitializer"
159-->[androidx.emoji2:emoji2:1.3.0] AndroidManifest.xml:30:17-75
160                android:value="androidx.startup" />
160-->[androidx.emoji2:emoji2:1.3.0] AndroidManifest.xml:31:17-49
161            <meta-data
161-->[androidx.lifecycle:lifecycle-process:2.6.2] AndroidManifest.xml:29:13-31:52
162                android:name="androidx.lifecycle.ProcessLifecycleInitializer"
162-->[androidx.lifecycle:lifecycle-process:2.6.2] AndroidManifest.xml:30:17-78
163                android:value="androidx.startup" />
163-->[androidx.lifecycle:lifecycle-process:2.6.2] AndroidManifest.xml:31:17-49
164            <meta-data
164-->[androidx.profileinstaller:profileinstaller:1.3.1] AndroidManifest.xml:29:13-31:52
165                android:name="androidx.profileinstaller.ProfileInstallerInitializer"
165-->[androidx.profileinstaller:profileinstaller:1.3.1] AndroidManifest.xml:30:17-85
166                android:value="androidx.startup" />
166-->[androidx.profileinstaller:profileinstaller:1.3.1] AndroidManifest.xml:31:17-49
167        </provider>
168
169        <meta-data
169-->[com.google.android.gms:play-services-basement:18.3.0] AndroidManifest.xml:21:9-23:69
170            android:name="com.google.android.gms.version"
170-->[com.google.android.gms:play-services-basement:18.3.0] AndroidManifest.xml:22:13-58
171            android:value="@integer/google_play_services_version" />
171-->[com.google.android.gms:play-services-basement:18.3.0] AndroidManifest.xml:23:13-66
172
173        <receiver
173-->[androidx.profileinstaller:profileinstaller:1.3.1] AndroidManifest.xml:34:9-52:20
174            android:name="androidx.profileinstaller.ProfileInstallReceiver"
174-->[androidx.profileinstaller:profileinstaller:1.3.1] AndroidManifest.xml:35:13-76
175            android:directBootAware="false"
175-->[androidx.profileinstaller:profileinstaller:1.3.1] AndroidManifest.xml:36:13-44
176            android:enabled="true"
176-->[androidx.profileinstaller:profileinstaller:1.3.1] AndroidManifest.xml:37:13-35
177            android:exported="true"
177-->[androidx.profileinstaller:profileinstaller:1.3.1] AndroidManifest.xml:38:13-36
178            android:permission="android.permission.DUMP" >
178-->[androidx.profileinstaller:profileinstaller:1.3.1] AndroidManifest.xml:39:13-57
179            <intent-filter>
179-->[androidx.profileinstaller:profileinstaller:1.3.1] AndroidManifest.xml:40:13-42:29
180                <action android:name="androidx.profileinstaller.action.INSTALL_PROFILE" />
180-->[androidx.profileinstaller:profileinstaller:1.3.1] AndroidManifest.xml:41:17-91
180-->[androidx.profileinstaller:profileinstaller:1.3.1] AndroidManifest.xml:41:25-88
181            </intent-filter>
182            <intent-filter>
182-->[androidx.profileinstaller:profileinstaller:1.3.1] AndroidManifest.xml:43:13-45:29
183                <action android:name="androidx.profileinstaller.action.SKIP_FILE" />
183-->[androidx.profileinstaller:profileinstaller:1.3.1] AndroidManifest.xml:44:17-85
183-->[androidx.profileinstaller:profileinstaller:1.3.1] AndroidManifest.xml:44:25-82
184            </intent-filter>
185            <intent-filter>
185-->[androidx.profileinstaller:profileinstaller:1.3.1] AndroidManifest.xml:46:13-48:29
186                <action android:name="androidx.profileinstaller.action.SAVE_PROFILE" />
186-->[androidx.profileinstaller:profileinstaller:1.3.1] AndroidManifest.xml:47:17-88
186-->[androidx.profileinstaller:profileinstaller:1.3.1] AndroidManifest.xml:47:25-85
187            </intent-filter>
188            <intent-filter>
188-->[androidx.profileinstaller:profileinstaller:1.3.1] AndroidManifest.xml:49:13-51:29
189                <action android:name="androidx.profileinstaller.action.BENCHMARK_OPERATION" />
189-->[androidx.profileinstaller:profileinstaller:1.3.1] AndroidManifest.xml:50:17-95
189-->[androidx.profileinstaller:profileinstaller:1.3.1] AndroidManifest.xml:50:25-92
190            </intent-filter>
191        </receiver>
192
193        <service
193-->[com.google.android.datatransport:transport-backend-cct:3.1.9] AndroidManifest.xml:28:9-34:19
194            android:name="com.google.android.datatransport.runtime.backends.TransportBackendDiscovery"
194-->[com.google.android.datatransport:transport-backend-cct:3.1.9] AndroidManifest.xml:29:13-103
195            android:exported="false" >
195-->[com.google.android.datatransport:transport-backend-cct:3.1.9] AndroidManifest.xml:30:13-37
196            <meta-data
196-->[com.google.android.datatransport:transport-backend-cct:3.1.9] AndroidManifest.xml:31:13-33:39
197                android:name="backend:com.google.android.datatransport.cct.CctBackendFactory"
197-->[com.google.android.datatransport:transport-backend-cct:3.1.9] AndroidManifest.xml:32:17-94
198                android:value="cct" />
198-->[com.google.android.datatransport:transport-backend-cct:3.1.9] AndroidManifest.xml:33:17-36
199        </service>
200        <service
200-->[com.google.android.datatransport:transport-runtime:3.1.9] AndroidManifest.xml:26:9-30:19
201            android:name="com.google.android.datatransport.runtime.scheduling.jobscheduling.JobInfoSchedulerService"
201-->[com.google.android.datatransport:transport-runtime:3.1.9] AndroidManifest.xml:27:13-117
202            android:exported="false"
202-->[com.google.android.datatransport:transport-runtime:3.1.9] AndroidManifest.xml:28:13-37
203            android:permission="android.permission.BIND_JOB_SERVICE" >
203-->[com.google.android.datatransport:transport-runtime:3.1.9] AndroidManifest.xml:29:13-69
204        </service>
205
206        <receiver
206-->[com.google.android.datatransport:transport-runtime:3.1.9] AndroidManifest.xml:32:9-34:40
207            android:name="com.google.android.datatransport.runtime.scheduling.jobscheduling.AlarmManagerSchedulerBroadcastReceiver"
207-->[com.google.android.datatransport:transport-runtime:3.1.9] AndroidManifest.xml:33:13-132
208            android:exported="false" />
208-->[com.google.android.datatransport:transport-runtime:3.1.9] AndroidManifest.xml:34:13-37
209    </application>
210
211</manifest>